Daemon process terminated and closed the connection

Messages from the log:
    at new Promise (<anonymous>)
    at startServer (c:\Users\User\OneDrive\Escritorio\js mouredevpro\node_modules\nx\src\daemon\server\server.js:366:12)
    at async c:\Users\User\OneDrive\Escritorio\js mouredevpro\node_modules\nx\src\daemon\server\start.js:8:9
Emitted 'error' event on Server instance at:
    at emitErrorNT (node:net:1975:8)
    at process.processTicksAndRejections (node:internal/process/task_queues:90:21) {
  code: 'EADDRINUSE',
  errno: -4091,
  syscall: 'listen',
  address: '\\\\.\\pipe\\nx\\C:\\Users\\User\\AppData\\Local\\Temp\\39421ed34f64477f74f9\\d.sock',
  port: -1
}

Node.js v22.16.0
[NX v21.1.3 Daemon Server] - 2025-06-11T23:16:43.388Z - [WATCHER]: Stopping the watcher for c:\Users\User\OneDrive\Escritorio\js mouredevpro (sources)
[NX v21.1.3 Daemon Server] - 2025-06-11T23:16:47.544Z - Started listening on: \\.\pipe\nx\C:\Users\User\AppData\Local\Temp\39421ed34f64477f74f9\d.sock
[NX v21.1.3 Daemon Server] - 2025-06-11T23:16:47.549Z - [WATCHER]: Subscribed to changes within: c:\Users\User\OneDrive\Escritorio\js mouredevpro (native)
[NX v21.1.3 Daemon Server] - 2025-06-11T23:16:47.554Z - Established a connection. Number of open connections: 1
[NX v21.1.3 Daemon Server] - 2025-06-11T23:16:47.558Z - Closed a connection. Number of open connections: 0



More information: c:\Users\User\OneDrive\Escritorio\js mouredevpro\.nx\workspace-data\d\daemon.log